<?xml version="1.0" encoding="UTF-8"?>
<testng-results ignored="0" total="1" passed="1" failed="0" skipped="0">
  <reporter-output>
  </reporter-output>
  <suite started-at="2024-09-04T16:00:53 UTC" name="Surefire suite" finished-at="2024-09-04T16:00:56 UTC" duration-ms="3665">
    <groups>
      <group name="cucumber">
        <method signature="AbstractTestNGCucumberTests.runScenario(io.cucumber.testng.PickleWrapper,io.cucumber.testng.FeatureWrapper)[pri:0, instance:runners.TestRunner@6591f517]" name="runScenario" class="io.cucumber.testng.AbstractTestNGCucumberTests"/>
      </group> <!-- cucumber -->
    </groups>
    <test started-at="2024-09-04T16:00:53 UTC" name="Surefire test" finished-at="2024-09-04T16:00:56 UTC" duration-ms="3665">
      <class name="runners.TestRunner">
        <test-method is-config="true" signature="setUpClass()[pri:0, instance:runners.TestRunner@6591f517]" started-at="2024-09-04T16:00:53 UTC" name="setUpClass" finished-at="2024-09-04T16:00:53 UTC" duration-ms="476" status="PASS">
          <reporter-output>
          </reporter-output>
        </test-method> <!-- setUpClass -->
        <test-method signature="runScenario(io.cucumber.testng.PickleWrapper,io.cucumber.testng.FeatureWrapper)[pri:0, instance:runners.TestRunner@6591f517]" started-at="2024-09-04T16:00:53 UTC" name="runScenario" description="Runs Cucumber Scenarios" data-provider="scenarios" finished-at="2024-09-04T16:00:56 UTC" duration-ms="3115" status="PASS">
          <params>
            <param index="0">
              <value>
                <![CDATA["Verify Google search box"]]>
              </value>
            </param>
            <param index="1">
              <value>
                <![CDATA["Optional[Google Search]"]]>
              </value>
            </param>
          </params>
          <reporter-output>
          </reporter-output>
        </test-method> <!-- runScenario -->
        <test-method is-config="true" signature="tearDownClass()[pri:0, instance:runners.TestRunner@6591f517]" started-at="2024-09-04T16:00:56 UTC" name="tearDownClass" finished-at="2024-09-04T16:00:56 UTC" duration-ms="12" status="PASS">
          <reporter-output>
          </reporter-output>
        </test-method> <!-- tearDownClass -->
      </class> <!-- runners.TestRunner -->
    </test> <!-- Surefire test -->
  </suite> <!-- Surefire suite -->
</testng-results>
