<?xml version="1.0" encoding="UTF-8"?>
<testsuite xmlns:xsi="http://www.w3.org/2001/XMLSchema-instance" xsi:noNamespaceSchemaLocation="https://maven.apache.org/surefire/maven-surefire-plugin/xsd/surefire-test-report.xsd" name="runners.TestRunner" time="11.703" tests="3" errors="0" skipped="0" failures="2">
  <properties>
[...]
</properties>
  <testcase name="runScenario" classname="runners.TestRunner" time="6.392"/>
  <testcase name="runScenario" classname="runners.TestRunner" time="2.29">
    <failure message="Cannot invoke &quot;org.openqa.selenium.WebDriver.get(String)&quot; because &quot;this.driver&quot; is null" type="java.lang.NullPointerException">java.lang.NullPointerException: Cannot invoke "org.openqa.selenium.WebDriver.get(String)" because "this.driver" is null
</failure>
    <system-out><![CDATA[
Scenario: Verify Google search box &amp#27;[90m# src/test/resources/features/google_search.feature:2&amp#27;[0m
This will run before the Scenario
  &amp#27;[31mGiven &amp#27;[0m&amp#27;[31mI open Google homepage&amp#27;[0m     &amp#27;[90m# steps.GoogleSearchSteps.i_open_google_homepage()&amp#27;[0m
      &amp#27;[31mjava.lang.NullPointerException: Cannot invoke "org.openqa.selenium.WebDriver.get(String)" because "this.driver" is null
	at steps.GoogleSearchSteps.i_open_google_homepage(GoogleSearchSteps.java:17)
	at âœ½.I open Google homepage(file:///C:/Users/manue/Desktop/repositories/ca-automated-test/src/test/resources/features/google_search.feature:3)
&amp#27;[0m
  &amp#27;[36mThen &amp#27;[0m&amp#27;[36mI should see the search box&amp#27;[0m &amp#27;[90m# steps.GoogleSearchSteps.i_should_see_the_search_box()&amp#27;[0m
]]></system-out>
    <system-err><![CDATA[1725536747157	geckodriver	INFO	Listening on 127.0.0.1:55240
1725536747173	mozrunner::runner	INFO	Running command: "C:\\Program Files\\Mozilla Firefox\\firefox.exe" "--marionette" "--remote-debugging-port" "57075" "--remote-allow-hosts" "localhost" "-no-remote" "-profile" "C:\\Users\\manue\\AppData\\Local\\Temp\\rust_mozprofilesuFOkM"
console.warn: services.settings: Ignoring preference override of remote settings server
console.warn: services.settings: Allow by setting MOZ_REMOTE_SETTINGS_DEVTOOLS=1 in the environment
Dynamically enable window occlusion 0
1725536747355	Marionette	INFO	Marionette enabled
1725536747411	Marionette	INFO	Listening on port 62609
WebDriver BiDi listening on ws://127.0.0.1:57075
Read port: 62609
1725536747515	RemoteAgent	WARN	TLS certificate errors will be ignored for this session
set 05, 2024 1:45:48 PM org.openqa.selenium.remote.ProtocolHandshake createSession
INFORMAZIONI: Detected dialect: W3C
1725536748596	Marionette	INFO	Stopped listening on port 62609
Dynamically enable window occlusion 1
]]></system-err>
  </testcase>
  <testcase name="runScenario" classname="runners.TestRunner" time="2.247">
    <failure message="Cannot invoke &quot;org.openqa.selenium.WebDriver.get(String)&quot; because &quot;this.driver&quot; is null" type="java.lang.NullPointerException">java.lang.NullPointerException: Cannot invoke "org.openqa.selenium.WebDriver.get(String)" because "this.driver" is null
</failure>
    <system-out><![CDATA[
Scenario: Verify Google search box (ko simulation with assert false) &amp#27;[90m# src/test/resources/features/google_search.feature:6&amp#27;[0m
This will run before the Scenario
  &amp#27;[31mGiven &amp#27;[0m&amp#27;[31mI open Google homepage&amp#27;[0m                                       &amp#27;[90m# steps.GoogleSearchSteps.i_open_google_homepage()&amp#27;[0m
      &amp#27;[31mjava.lang.NullPointerException: Cannot invoke "org.openqa.selenium.WebDriver.get(String)" because "this.driver" is null
	at steps.GoogleSearchSteps.i_open_google_homepage(GoogleSearchSteps.java:17)
	at âœ½.I open Google homepage(file:///C:/Users/manue/Desktop/repositories/ca-automated-test/src/test/resources/features/google_search.feature:7)
&amp#27;[0m
  &amp#27;[36mThen &amp#27;[0m&amp#27;[36mI should assert false&amp#27;[0m                                         &amp#27;[90m# steps.GoogleSearchSteps.i_should_assert_false()&amp#27;[0m
]]></system-out>
    <system-err><![CDATA[1725536749419	geckodriver	INFO	Listening on 127.0.0.1:64467
1725536749434	mozrunner::runner	INFO	Running command: "C:\\Program Files\\Mozilla Firefox\\firefox.exe" "--marionette" "--remote-debugging-port" "64874" "--remote-allow-hosts" "localhost" "-no-remote" "-profile" "C:\\Users\\manue\\AppData\\Local\\Temp\\rust_mozprofileuNntd3"
console.warn: services.settings: Ignoring preference override of remote settings server
console.warn: services.settings: Allow by setting MOZ_REMOTE_SETTINGS_DEVTOOLS=1 in the environment
Dynamically enable window occlusion 0
1725536749628	Marionette	INFO	Marionette enabled
1725536749685	Marionette	INFO	Listening on port 62631
WebDriver BiDi listening on ws://127.0.0.1:64874
Read port: 62631
1725536749782	RemoteAgent	WARN	TLS certificate errors will be ignored for this session
set 05, 2024 1:45:50 PM org.openqa.selenium.remote.ProtocolHandshake createSession
INFORMAZIONI: Detected dialect: W3C
1725536750861	Marionette	INFO	Stopped listening on port 62631
Dynamically enable window occlusion 1
]]></system-err>
  </testcase>
</testsuite>