<?xml version="1.0" encoding="UTF-8"?>
<testsuite xmlns:xsi="http://www.w3.org/2001/XMLSchema-instance" xsi:noNamespaceSchemaLocation="https://maven.apache.org/surefire/maven-surefire-plugin/xsd/surefire-test-report.xsd" name="test.java.runners.TestRunner" time="0.542" tests="1" errors="0" skipped="0" failures="1">
  <properties>
[...]
</properties>
  <testcase name="runScenario" classname="test.java.runners.TestRunner" time="0.095">
    <failure message="The driver executable must exist: C:\usr\local\bin" type="java.lang.IllegalStateException">java.lang.IllegalStateException: The driver executable must exist: C:\usr\local\bin
</failure>
  </testcase>
</testsuite>