<?xml version="1.0" encoding="UTF-8"?>
<!-- Generated by org.testng.reporters.JUnitReportReporter -->
<testsuite hostname="DESKTOP-K3MD0OM" failures="0" tests="1" name="test.java.runners.TestRunner" time="0.092" errors="1" timestamp="2024-09-04T17:14:00 CEST" skipped="0">
  <testcase classname="test.java.runners.TestRunner" name="runScenario" time="0.092">
    <error message="The driver executable must exist: C:\usr\local\bin" type="java.lang.IllegalStateException">
      <![CDATA[java.lang.IllegalStateException: The driver executable must exist: C:\usr\local\bin
at org.openqa.selenium.internal.Require$FileStateChecker.isFile(Require.java:315)
at org.openqa.selenium.remote.service.DriverService.checkExecutable(DriverService.java:144)
at org.openqa.selenium.remote.service.DriverService.findExecutable(DriverService.java:139)
at org.openqa.selenium.chrome.ChromeDriverService.access$000(ChromeDriverService.java:38)
at org.openqa.selenium.chrome.ChromeDriverService$Builder.findDefaultExecutable(ChromeDriverService.java:231)
at org.openqa.selenium.remote.service.DriverService$Builder.build(DriverService.java:434)
at org.openqa.selenium.chrome.ChromeDriverService.createDefaultService(ChromeDriverService.java:127)
at org.openqa.selenium.chrome.ChromeDriver.<init>(ChromeDriver.java:46)
at test.java.steps.GoogleSearchSteps.i_open_google_homepage(GoogleSearchSteps.java:19)
at ✽.I open Google homepage(file:///C:/Users/manue/Desktop/repositories/ca-automated-test/src/test/resources/features/google_search.feature:3)
]]>
    </error>
  </testcase> <!-- runScenario -->
  <system-out/>
</testsuite> <!-- test.java.runners.TestRunner -->
